<?xml version="1.0" encoding="UTF-8"?>
<!-- Generated by org.testng.reporters.JUnitXMLReporter -->
<testsuite ignored="0" hostname="DS03" failures="0" tests="3" name="Test1" time="30.761" errors="0" timestamp="2026-01-23T20:59:41 IST">
  <testcase classname="com.ninza.crm.campaigntest.CampaignTest" name="createCampaignTest" time="6.086"/>
  <testcase classname="com.ninza.crm.campaigntest.CampaignTest" name="createCampaignWithStatusTest" time="2.596"/>
  <testcase classname="com.ninza.crm.campaigntest.CampaignTest" name="createCampaignWithExpectedCloseDateTest" time="2.506"/>
</testsuite> <!-- Test1 -->
