<?xml version="1.0" encoding="UTF-8"?>
<!-- Generated by org.testng.reporters.JUnitXMLReporter -->
<testsuite ignored="4" hostname="DS03" failures="0" tests="4" name="Test" time="30.097" errors="0" timestamp="2026-01-27T14:55:34 IST">
  <testcase classname="com.ninza.crm.campaigntest.CampaignTest" name="createCampaignTest" time="4.256"/>
  <testcase classname="com.ninza.crm.campaigntest.CampaignTest" name="createCampaignWithStatusTest" time="2.221"/>
  <testcase classname="com.ninza.crm.campaigntest.CampaignTest" name="createCampaignWithExpectedCloseDateTest" time="2.128"/>
  <testcase classname="com.ninza.crm.producttest.ProductTest" name="createProductWithMandatoryFieldTest" time="3.227"/>
  <testcase classname="com.ninza.crm.baseTest.BaseClass" name="@BeforeTest configBT" time="0.0">
    <ignored/>
  </testcase> <!-- @BeforeTest configBT -->
  <testcase classname="com.ninza.crm.baseTest.BaseClass" name="@AfterSuite configAS" time="0.0">
    <ignored/>
  </testcase> <!-- @AfterSuite configAS -->
  <testcase classname="com.ninza.crm.baseTest.BaseClass" name="@AfterTest configAT" time="0.0">
    <ignored/>
  </testcase> <!-- @AfterTest configAT -->
  <testcase classname="com.ninza.crm.baseTest.BaseClass" name="@BeforeSuite configBS" time="0.0">
    <ignored/>
  </testcase> <!-- @BeforeSuite configBS -->
</testsuite> <!-- Test -->
