<?xml version="1.0" encoding="UTF-8"?>
<testng-results ignored="2" total="3" passed="1" failed="0" skipped="0">
  <reporter-output>
    <line>
      <![CDATA[Report Configuration]]>
    </line>
    <line>
      <![CDATA[==Connect to DB, Report Config==]]>
    </line>
    <line>
      <![CDATA[==Pre Conditions==]]>
    </line>
    <line>
      <![CDATA[==Launch the Browser==]]>
    </line>
    <line>
      <![CDATA[==Login to the application==]]>
    </line>
    <line>
      <![CDATA[====<createCampaignTest>==SUCCESS==]]>
    </line>
    <line>
      <![CDATA[==Logout of the application==]]>
    </line>
    <line>
      <![CDATA[==Close the Browser==]]>
    </line>
    <line>
      <![CDATA[==Post Conditions==]]>
    </line>
    <line>
      <![CDATA[==Close the DB, Report Backup==]]>
    </line>
  </reporter-output>
  <suite started-at="2026-01-27T13:16:55 IST" name="Default suite" finished-at="2026-01-27T13:17:01 IST" duration-ms="6073">
    <groups>
      <group name="regressionTest">
        <method signature="CampaignTest.createCampaignTest()[pri:1, instance:com.ninza.crm.campaigntest.CampaignTest@510f3d34]" name="createCampaignTest" class="com.ninza.crm.campaigntest.CampaignTest"/>
      </group> <!-- regressionTest -->
      <group name="smokeTest">
        <method signature="CampaignTest.createCampaignTest()[pri:1, instance:com.ninza.crm.campaigntest.CampaignTest@510f3d34]" name="createCampaignTest" class="com.ninza.crm.campaigntest.CampaignTest"/>
      </group> <!-- smokeTest -->
    </groups>
    <test started-at="2026-01-27T13:16:55 IST" name="Default test" finished-at="2026-01-27T13:17:01 IST" duration-ms="6073">
      <class name="com.ninza.crm.campaigntest.CampaignTest">
        <test-method is-config="true" signature="configBS()[pri:0, instance:com.ninza.crm.campaigntest.CampaignTest@510f3d34]" started-at="2026-01-27T13:16:55 IST" name="configBS" finished-at="2026-01-27T13:16:55 IST" duration-ms="164" status="PASS">
          <reporter-output>
            <line>
              <![CDATA[==Connect to DB, Report Config==]]>
            </line>
          </reporter-output>
        </test-method> <!-- configBS -->
        <test-method is-config="true" signature="configBT()[pri:0, instance:com.ninza.crm.campaigntest.CampaignTest@510f3d34]" started-at="2026-01-27T13:16:55 IST" name="configBT" finished-at="2026-01-27T13:16:55 IST" duration-ms="1" status="PASS">
          <reporter-output>
            <line>
              <![CDATA[==Pre Conditions==]]>
            </line>
          </reporter-output>
        </test-method> <!-- configBT -->
        <test-method is-config="true" signature="configBC()[pri:0, instance:com.ninza.crm.campaigntest.CampaignTest@510f3d34]" started-at="2026-01-27T13:16:55 IST" name="configBC" finished-at="2026-01-27T13:16:56 IST" duration-ms="1168" status="PASS">
          <reporter-output>
            <line>
              <![CDATA[==Launch the Browser==]]>
            </line>
          </reporter-output>
        </test-method> <!-- configBC -->
        <test-method is-config="true" signature="configBM()[pri:0, instance:com.ninza.crm.campaigntest.CampaignTest@510f3d34]" started-at="2026-01-27T13:16:56 IST" name="configBM" finished-at="2026-01-27T13:16:57 IST" duration-ms="1258" status="PASS">
          <reporter-output>
            <line>
              <![CDATA[==Login to the application==]]>
            </line>
          </reporter-output>
        </test-method> <!-- configBM -->
        <test-method signature="createCampaignTest()[pri:1, instance:com.ninza.crm.campaigntest.CampaignTest@510f3d34]" started-at="2026-01-27T13:16:57 IST" name="createCampaignTest" finished-at="2026-01-27T13:17:00 IST" duration-ms="2286" status="PASS">
          <reporter-output>
            <line>
              <![CDATA[====<createCampaignTest>==SUCCESS==]]>
            </line>
          </reporter-output>
        </test-method> <!-- createCampaignTest -->
        <test-method is-config="true" signature="configAM()[pri:0, instance:com.ninza.crm.campaigntest.CampaignTest@510f3d34]" started-at="2026-01-27T13:17:00 IST" name="configAM" finished-at="2026-01-27T13:17:01 IST" duration-ms="1032" status="PASS">
          <reporter-output>
            <line>
              <![CDATA[==Logout of the application==]]>
            </line>
          </reporter-output>
        </test-method> <!-- configAM -->
        <test-method is-config="true" signature="configAC()[pri:0, instance:com.ninza.crm.campaigntest.CampaignTest@510f3d34]" started-at="2026-01-27T13:17:01 IST" name="configAC" finished-at="2026-01-27T13:17:01 IST" duration-ms="297" status="PASS">
          <reporter-output>
            <line>
              <![CDATA[==Close the Browser==]]>
            </line>
          </reporter-output>
        </test-method> <!-- configAC -->
        <test-method is-config="true" signature="configAT()[pri:0, instance:com.ninza.crm.campaigntest.CampaignTest@510f3d34]" started-at="2026-01-27T13:17:01 IST" name="configAT" finished-at="2026-01-27T13:17:01 IST" duration-ms="0" status="PASS">
          <reporter-output>
            <line>
              <![CDATA[==Post Conditions==]]>
            </line>
          </reporter-output>
        </test-method> <!-- configAT -->
        <test-method is-config="true" signature="configAS()[pri:0, instance:com.ninza.crm.campaigntest.CampaignTest@510f3d34]" started-at="2026-01-27T13:17:01 IST" name="configAS" finished-at="2026-01-27T13:17:01 IST" duration-ms="1" status="PASS">
          <reporter-output>
            <line>
              <![CDATA[==Close the DB, Report Backup==]]>
            </line>
          </reporter-output>
        </test-method> <!-- configAS -->
      </class> <!-- com.ninza.crm.campaigntest.CampaignTest -->
    </test> <!-- Default test -->
  </suite> <!-- Default suite -->
</testng-results>
