<?xml version="1.0" encoding="UTF-8"?>
<testng-results ignored="0" total="4" passed="4" failed="0" skipped="0">
  <reporter-output>
    <line>
      <![CDATA[Report Configuration]]>
    </line>
    <line>
      <![CDATA[==Connect to DB, Report Config==]]>
    </line>
    <line>
      <![CDATA[==Pre Conditions==]]>
    </line>
    <line>
      <![CDATA[==Launch the Browser==]]>
    </line>
    <line>
      <![CDATA[==Login to the application==]]>
    </line>
    <line>
      <![CDATA[====<createCampaignTest>==SUCCESS==]]>
    </line>
    <line>
      <![CDATA[==Logout of the application==]]>
    </line>
    <line>
      <![CDATA[==Login to the application==]]>
    </line>
    <line>
      <![CDATA[====<createCampaignWithStatusTest>==SUCCESS==]]>
    </line>
    <line>
      <![CDATA[==Logout of the application==]]>
    </line>
    <line>
      <![CDATA[==Login to the application==]]>
    </line>
    <line>
      <![CDATA[====<createCampaignWithExpectedCloseDateTest>==SUCCESS==]]>
    </line>
    <line>
      <![CDATA[==Logout of the application==]]>
    </line>
    <line>
      <![CDATA[==Close the Browser==]]>
    </line>
    <line>
      <![CDATA[==Launch the Browser==]]>
    </line>
    <line>
      <![CDATA[==Login to the application==]]>
    </line>
    <line>
      <![CDATA[====<createProductWithMandatoryFieldTest>==SUCCESS==]]>
    </line>
    <line>
      <![CDATA[==Logout of the application==]]>
    </line>
    <line>
      <![CDATA[==Close the Browser==]]>
    </line>
    <line>
      <![CDATA[==Post Conditions==]]>
    </line>
    <line>
      <![CDATA[==Close the DB, Report Backup==]]>
    </line>
  </reporter-output>
  <suite started-at="2026-01-26T12:23:00 IST" name="Suite" finished-at="2026-01-26T12:24:12 IST" duration-ms="72023">
    <groups>
      <group name="regressionTest">
        <method signature="CampaignTest.createCampaignTest()[pri:1, instance:com.ninza.crm.campaigntest.CampaignTest@6ad82709]" name="createCampaignTest" class="com.ninza.crm.campaigntest.CampaignTest"/>
        <method signature="CampaignTest.createCampaignWithStatusTest()[pri:2, instance:com.ninza.crm.campaigntest.CampaignTest@6ad82709]" name="createCampaignWithStatusTest" class="com.ninza.crm.campaigntest.CampaignTest"/>
        <method signature="CampaignTest.createCampaignWithExpectedCloseDateTest()[pri:3, instance:com.ninza.crm.campaigntest.CampaignTest@6ad82709]" name="createCampaignWithExpectedCloseDateTest" class="com.ninza.crm.campaigntest.CampaignTest"/>
      </group> <!-- regressionTest -->
      <group name="smokeTest">
        <method signature="ProductTest.createProductWithMandatoryFieldTest()[pri:0, instance:com.ninza.crm.producttest.ProductTest@4c178a76]" name="createProductWithMandatoryFieldTest" class="com.ninza.crm.producttest.ProductTest"/>
        <method signature="CampaignTest.createCampaignTest()[pri:1, instance:com.ninza.crm.campaigntest.CampaignTest@6ad82709]" name="createCampaignTest" class="com.ninza.crm.campaigntest.CampaignTest"/>
      </group> <!-- smokeTest -->
    </groups>
    <test started-at="2026-01-26T12:23:00 IST" name="Test" finished-at="2026-01-26T12:24:12 IST" duration-ms="72023">
      <class name="com.ninza.crm.campaigntest.CampaignTest">
        <test-method is-config="true" signature="configBS()[pri:0, instance:com.ninza.crm.campaigntest.CampaignTest@6ad82709]" started-at="2026-01-26T12:22:59 IST" name="configBS" finished-at="2026-01-26T12:23:00 IST" duration-ms="526" status="PASS">
          <reporter-output>
            <line>
              <![CDATA[==Connect to DB, Report Config==]]>
            </line>
          </reporter-output>
        </test-method> <!-- configBS -->
        <test-method is-config="true" signature="configBT()[pri:0, instance:com.ninza.crm.campaigntest.CampaignTest@6ad82709]" started-at="2026-01-26T12:23:00 IST" name="configBT" finished-at="2026-01-26T12:23:00 IST" duration-ms="2" status="PASS">
          <reporter-output>
            <line>
              <![CDATA[==Pre Conditions==]]>
            </line>
          </reporter-output>
        </test-method> <!-- configBT -->
        <test-method is-config="true" signature="configBC()[pri:0, instance:com.ninza.crm.campaigntest.CampaignTest@6ad82709]" started-at="2026-01-26T12:23:00 IST" name="configBC" finished-at="2026-01-26T12:23:01 IST" duration-ms="1376" status="PASS">
          <reporter-output>
            <line>
              <![CDATA[==Launch the Browser==]]>
            </line>
          </reporter-output>
        </test-method> <!-- configBC -->
        <test-method is-config="true" signature="configBM()[pri:0, instance:com.ninza.crm.campaigntest.CampaignTest@6ad82709]" started-at="2026-01-26T12:23:01 IST" name="configBM" finished-at="2026-01-26T12:23:08 IST" duration-ms="6826" status="PASS">
          <reporter-output>
            <line>
              <![CDATA[==Login to the application==]]>
            </line>
          </reporter-output>
        </test-method> <!-- configBM -->
        <test-method signature="createCampaignTest()[pri:1, instance:com.ninza.crm.campaigntest.CampaignTest@6ad82709]" started-at="2026-01-26T12:23:08 IST" name="createCampaignTest" finished-at="2026-01-26T12:23:10 IST" duration-ms="2010" status="PASS">
          <reporter-output>
            <line>
              <![CDATA[====<createCampaignTest>==SUCCESS==]]>
            </line>
          </reporter-output>
        </test-method> <!-- createCampaignTest -->
        <test-method is-config="true" signature="configAM()[pri:0, instance:com.ninza.crm.campaigntest.CampaignTest@6ad82709]" started-at="2026-01-26T12:23:10 IST" name="configAM" finished-at="2026-01-26T12:23:18 IST" duration-ms="7820" status="PASS">
          <reporter-output>
            <line>
              <![CDATA[==Logout of the application==]]>
            </line>
          </reporter-output>
        </test-method> <!-- configAM -->
        <test-method is-config="true" signature="configBM()[pri:0, instance:com.ninza.crm.campaigntest.CampaignTest@6ad82709]" started-at="2026-01-26T12:23:18 IST" name="configBM" finished-at="2026-01-26T12:23:25 IST" duration-ms="7614" status="PASS">
          <reporter-output>
            <line>
              <![CDATA[==Login to the application==]]>
            </line>
          </reporter-output>
        </test-method> <!-- configBM -->
        <test-method signature="createCampaignWithStatusTest()[pri:2, instance:com.ninza.crm.campaigntest.CampaignTest@6ad82709]" started-at="2026-01-26T12:23:25 IST" name="createCampaignWithStatusTest" finished-at="2026-01-26T12:23:27 IST" duration-ms="1905" status="PASS">
          <reporter-output>
            <line>
              <![CDATA[====<createCampaignWithStatusTest>==SUCCESS==]]>
            </line>
          </reporter-output>
        </test-method> <!-- createCampaignWithStatusTest -->
        <test-method is-config="true" signature="configAM()[pri:0, instance:com.ninza.crm.campaigntest.CampaignTest@6ad82709]" started-at="2026-01-26T12:23:27 IST" name="configAM" finished-at="2026-01-26T12:23:35 IST" duration-ms="7600" status="PASS">
          <reporter-output>
            <line>
              <![CDATA[==Logout of the application==]]>
            </line>
          </reporter-output>
        </test-method> <!-- configAM -->
        <test-method is-config="true" signature="configBM()[pri:0, instance:com.ninza.crm.campaigntest.CampaignTest@6ad82709]" started-at="2026-01-26T12:23:35 IST" name="configBM" finished-at="2026-01-26T12:23:44 IST" duration-ms="9089" status="PASS">
          <reporter-output>
            <line>
              <![CDATA[==Login to the application==]]>
            </line>
          </reporter-output>
        </test-method> <!-- configBM -->
        <test-method signature="createCampaignWithExpectedCloseDateTest()[pri:3, instance:com.ninza.crm.campaigntest.CampaignTest@6ad82709]" started-at="2026-01-26T12:23:44 IST" name="createCampaignWithExpectedCloseDateTest" finished-at="2026-01-26T12:23:46 IST" duration-ms="1541" status="PASS">
          <reporter-output>
            <line>
              <![CDATA[====<createCampaignWithExpectedCloseDateTest>==SUCCESS==]]>
            </line>
          </reporter-output>
        </test-method> <!-- createCampaignWithExpectedCloseDateTest -->
        <test-method is-config="true" signature="configAM()[pri:0, instance:com.ninza.crm.campaigntest.CampaignTest@6ad82709]" started-at="2026-01-26T12:23:46 IST" name="configAM" finished-at="2026-01-26T12:23:53 IST" duration-ms="7783" status="PASS">
          <reporter-output>
            <line>
              <![CDATA[==Logout of the application==]]>
            </line>
          </reporter-output>
        </test-method> <!-- configAM -->
        <test-method is-config="true" signature="configAC()[pri:0, instance:com.ninza.crm.campaigntest.CampaignTest@6ad82709]" started-at="2026-01-26T12:23:53 IST" name="configAC" finished-at="2026-01-26T12:23:54 IST" duration-ms="241" status="PASS">
          <reporter-output>
            <line>
              <![CDATA[==Close the Browser==]]>
            </line>
          </reporter-output>
        </test-method> <!-- configAC -->
        <test-method is-config="true" signature="configAT()[pri:0, instance:com.ninza.crm.campaigntest.CampaignTest@6ad82709]" started-at="2026-01-26T12:24:12 IST" name="configAT" finished-at="2026-01-26T12:24:12 IST" duration-ms="1" status="PASS">
          <reporter-output>
            <line>
              <![CDATA[==Post Conditions==]]>
            </line>
          </reporter-output>
        </test-method> <!-- configAT -->
        <test-method is-config="true" signature="configAS()[pri:0, instance:com.ninza.crm.campaigntest.CampaignTest@6ad82709]" started-at="2026-01-26T12:24:12 IST" name="configAS" finished-at="2026-01-26T12:24:12 IST" duration-ms="6" status="PASS">
          <reporter-output>
            <line>
              <![CDATA[==Close the DB, Report Backup==]]>
            </line>
          </reporter-output>
        </test-method> <!-- configAS -->
      </class> <!-- com.ninza.crm.campaigntest.CampaignTest -->
      <class name="com.ninza.crm.producttest.ProductTest">
        <test-method is-config="true" signature="configBC()[pri:0, instance:com.ninza.crm.producttest.ProductTest@4c178a76]" started-at="2026-01-26T12:23:54 IST" name="configBC" finished-at="2026-01-26T12:23:54 IST" duration-ms="783" status="PASS">
          <reporter-output>
            <line>
              <![CDATA[==Launch the Browser==]]>
            </line>
          </reporter-output>
        </test-method> <!-- configBC -->
        <test-method is-config="true" signature="configBM()[pri:0, instance:com.ninza.crm.producttest.ProductTest@4c178a76]" started-at="2026-01-26T12:23:54 IST" name="configBM" finished-at="2026-01-26T12:24:01 IST" duration-ms="7111" status="PASS">
          <reporter-output>
            <line>
              <![CDATA[==Login to the application==]]>
            </line>
          </reporter-output>
        </test-method> <!-- configBM -->
        <test-method signature="createProductWithMandatoryFieldTest()[pri:0, instance:com.ninza.crm.producttest.ProductTest@4c178a76]" started-at="2026-01-26T12:24:01 IST" name="createProductWithMandatoryFieldTest" finished-at="2026-01-26T12:24:04 IST" duration-ms="2157" status="PASS">
          <reporter-output>
            <line>
              <![CDATA[====<createProductWithMandatoryFieldTest>==SUCCESS==]]>
            </line>
          </reporter-output>
        </test-method> <!-- createProductWithMandatoryFieldTest -->
        <test-method is-config="true" signature="configAM()[pri:0, instance:com.ninza.crm.producttest.ProductTest@4c178a76]" started-at="2026-01-26T12:24:04 IST" name="configAM" finished-at="2026-01-26T12:24:12 IST" duration-ms="7879" status="PASS">
          <reporter-output>
            <line>
              <![CDATA[==Logout of the application==]]>
            </line>
          </reporter-output>
        </test-method> <!-- configAM -->
        <test-method is-config="true" signature="configAC()[pri:0, instance:com.ninza.crm.producttest.ProductTest@4c178a76]" started-at="2026-01-26T12:24:12 IST" name="configAC" finished-at="2026-01-26T12:24:12 IST" duration-ms="232" status="PASS">
          <reporter-output>
            <line>
              <![CDATA[==Close the Browser==]]>
            </line>
          </reporter-output>
        </test-method> <!-- configAC -->
      </class> <!-- com.ninza.crm.producttest.ProductTest -->
    </test> <!-- Test -->
  </suite> <!-- Suite -->
</testng-results>
