<?xml version="1.0" encoding="UTF-8"?>
<!-- Generated by org.testng.reporters.JUnitReportReporter -->
<testsuite hostname="DS03" failures="0" tests="1" name="com.ninza.crm.campaigntest.Demo" time="2.358" errors="0" timestamp="2026-01-23T15:57:29 IST" skipped="0">
  <testcase classname="com.ninza.crm.campaigntest.Demo" name="test" time="2.358"/>
  <system-out>
    <![CDATA[==Connect to DB, Report Config==
==Pre Conditions==
==Launch the Browser==
==Login to the application==
==Logout of the application==
==Close the Browser==
==Post Conditions==
==Close the DB, Report Backup==]]>
  </system-out>
</testsuite> <!-- com.ninza.crm.campaigntest.Demo -->
