<?xml version="1.0" encoding="UTF-8"?>
<!-- Generated by org.testng.reporters.JUnitReportReporter -->
<testsuite hostname="DS03" failures="0" tests="1" name="com.ninza.crm.producttest.ProductTest" time="17.147" errors="0" timestamp="2026-01-26T12:24:12 IST" skipped="0">
  <testcase classname="com.ninza.crm.producttest.ProductTest" name="createProductWithMandatoryFieldTest" time="17.147">
    <system-out>
      <![CDATA[====<createProductWithMandatoryFieldTest>==SUCCESS==]]>
    </system-out>
  </testcase> <!-- createProductWithMandatoryFieldTest -->
  <system-out>
    <![CDATA[Report Configuration
==Connect to DB, Report Config==
==Pre Conditions==
==Launch the Browser==
==Login to the application==
====<createCampaignTest>==SUCCESS==
==Logout of the application==
==Login to the application==
====<createCampaignWithStatusTest>==SUCCESS==
==Logout of the application==
==Login to the application==
====<createCampaignWithExpectedCloseDateTest>==SUCCESS==
==Logout of the application==
==Close the Browser==
==Launch the Browser==
==Login to the application==
====<createProductWithMandatoryFieldTest>==SUCCESS==
==Logout of the application==
==Close the Browser==
==Post Conditions==
==Close the DB, Report Backup==]]>
  </system-out>
</testsuite> <!-- com.ninza.crm.producttest.ProductTest -->
