<?xml version="1.0" encoding="UTF-8"?>
<!-- Generated by org.testng.reporters.JUnitReportReporter -->
<testsuite hostname="DS03" failures="0" tests="3" name="com.ninza.crm.campaigntest.CampaignTest" time="18.247" errors="0" timestamp="2026-01-28T17:18:05 IST" skipped="0">
  <testcase classname="com.ninza.crm.campaigntest.CampaignTest" name="createCampaignTest" time="7.803">
    <system-out>
      <![CDATA[====<createCampaignTest>==SUCCESS==]]>
    </system-out>
  </testcase> <!-- createCampaignTest -->
  <testcase classname="com.ninza.crm.campaigntest.CampaignTest" name="createCampaignWithStatusTest" time="5.148">
    <system-out>
      <![CDATA[====<createCampaignWithStatusTest>==SUCCESS==]]>
    </system-out>
  </testcase> <!-- createCampaignWithStatusTest -->
  <testcase classname="com.ninza.crm.campaigntest.CampaignTest" name="createCampaignWithExpectedCloseDateTest" time="5.296">
    <system-out>
      <![CDATA[====<createCampaignWithExpectedCloseDateTest>==SUCCESS==]]>
    </system-out>
  </testcase> <!-- createCampaignWithExpectedCloseDateTest -->
  <system-out>
    <![CDATA[Report Configuration
==Connect to DB, Report Config==
==Pre Conditions==
==Launch the Browser==
==Login to the application==
====<createCampaignTest>==SUCCESS==
==Logout of the application==
==Login to the application==
====<createCampaignWithStatusTest>==SUCCESS==
==Logout of the application==
==Login to the application==
====<createCampaignWithExpectedCloseDateTest>==SUCCESS==
==Logout of the application==
==Close the Browser==
==Launch the Browser==
==Login to the application==
====<createProductWithMandatoryFieldTest>==SUCCESS==
==Logout of the application==
==Close the Browser==
==Post Conditions==
==Close the DB, Report Backup==]]>
  </system-out>
</testsuite> <!-- com.ninza.crm.campaigntest.CampaignTest -->
