<?xml version="1.0" encoding="UTF-8"?>
<!-- Generated by org.testng.reporters.JUnitXMLReporter -->
<testsuite ignored="0" hostname="DS03" failures="0" tests="3" name="Default test" time="14.996" errors="0" timestamp="2026-01-28T17:39:13 IST">
  <testcase classname="com.ninza.crm.campaigntest.CampaignTest" name="createCampaignTest" time="2.36"/>
  <testcase classname="com.ninza.crm.campaigntest.CampaignTest" name="createCampaignWithStatusTest" time="1.45"/>
  <testcase classname="com.ninza.crm.campaigntest.CampaignTest" name="createCampaignWithExpectedCloseDateTest" time="1.337"/>
</testsuite> <!-- Default test -->
