<?xml version="1.0" encoding="UTF-8"?>
<!-- Generated by org.testng.reporters.JUnitXMLReporter -->
<testsuite ignored="2" hostname="DS03" failures="0" tests="1" name="Default test" time="6.073" errors="0" timestamp="2026-01-27T13:17:01 IST">
  <testcase classname="com.ninza.crm.campaigntest.CampaignTest" name="createCampaignTest" time="2.286"/>
  <testcase classname="com.ninza.crm.campaigntest.CampaignTest" name="createCampaignWithExpectedCloseDateTest" time="0.0">
    <ignored/>
  </testcase> <!-- createCampaignWithExpectedCloseDateTest -->
  <testcase classname="com.ninza.crm.campaigntest.CampaignTest" name="createCampaignWithStatusTest" time="0.0">
    <ignored/>
  </testcase> <!-- createCampaignWithStatusTest -->
</testsuite> <!-- Default test -->
